<?xml version="1.0" encoding="UTF-8"?>
<!-- Generated by org.testng.reporters.JUnitReportReporter -->
<testsuite skipped="0" hostname="Praveen" name="sampletest.SampleTest" tests="1" failures="0" timestamp="06 Oct 2021 04:45:49 GMT" time="65.288" errors="0">
  <testcase name="loginTest" time="65.288" classname="sampletest.SampleTest"/>
</testsuite> <!-- sampletest.SampleTest -->
